# JRE version: OpenJDK Runtime Environment (11.0.9.1+1) (build 11.0.9.1+1-Ubuntu-0ubuntu1.18.04)
# Java VM: OpenJDK 64-Bit Server VM (11.0.9.1+1-Ubuntu-0ubuntu1.18.04, mixed mode, sharing, tiered, compressed oops, g1 gc, linux-amd64)
Heap:
 garbage-first heap   total 223232K, used 124874K [0x00000000c3c00000, 0x0000000100000000)
  region size 1024K, 27 young (27648K), 6 survivors (6144K)
 Metaspace       used 144949K, capacity 149820K, committed 149912K, reserved 1179648K
  class space    used 18404K, capacity 20086K, committed 20096K, reserved 1048576K
GC Heap History (20 events):
Event: 127,140 GC heap before
{Heap before GC invocations=95 (full 0):
 garbage-first heap   total 223232K, used 191408K [0x00000000c3c00000, 0x0000000100000000)
  region size 1024K, 105 young (107520K), 7 survivors (7168K)
 Metaspace       used 137167K, capacity 141547K, committed 141976K, reserved 1171456K
  class space    used 17714K, capacity 19278K, committed 19328K, reserved 1048576K
}
Event: 127,162 GC heap after
{Heap after GC invocations=96 (full 0):
 garbage-first heap   total 223232K, used 91035K [0x00000000c3c00000, 0x0000000100000000)
  region size 1024K, 7 young (7168K), 7 survivors (7168K)
 Metaspace       used 137167K, capacity 141547K, committed 141976K, reserved 1171456K
  class space    used 17714K, capacity 19278K, committed 19328K, reserved 1048576K
}
Event: 127,991 GC heap before
{Heap before GC invocations=96 (full 0):
 garbage-first heap   total 223232K, used 193435K [0x00000000c3c00000, 0x0000000100000000)
  region size 1024K, 105 young (107520K), 7 survivors (7168K)
 Metaspace       used 138164K, capacity 142553K, committed 142872K, reserved 1173504K
  class space    used 17824K, capacity 19378K, committed 19456K, reserved 1048576K
}
Event: 128,012 GC heap after
{Heap after GC invocations=97 (full 0):
 garbage-first heap   total 223232K, used 93797K [0x00000000c3c00000, 0x0000000100000000)
  region size 1024K, 10 young (10240K), 10 survivors (10240K)
 Metaspace       used 138164K, capacity 142553K, committed 142872K, reserved 1173504K
  class space    used 17824K, capacity 19378K, committed 19456K, reserved 1048576K
}
Event: 131,698 GC heap before
{Heap before GC invocations=97 (full 0):
 garbage-first heap   total 223232K, used 186981K [0x00000000c3c00000, 0x0000000100000000)
  region size 1024K, 102 young (104448K), 10 survivors (10240K)
 Metaspace       used 139902K, capacity 144568K, committed 144920K, reserved 1175552K
  class space    used 17996K, capacity 19612K, committed 19712K, reserved 1048576K
}
Event: 131,718 GC heap after
{Heap after GC invocations=98 (full 0):
 garbage-first heap   total 223232K, used 93007K [0x00000000c3c00000, 0x0000000100000000)
  region size 1024K, 7 young (7168K), 7 survivors (7168K)
 Metaspace       used 139902K, capacity 144568K, committed 144920K, reserved 1175552K
  class space    used 17996K, capacity 19612K, committed 19712K, reserved 1048576K
}
Event: 142,704 GC heap before
{Heap before GC invocations=98 (full 0):
 garbage-first heap   total 223232K, used 196431K [0x00000000c3c00000, 0x0000000100000000)
  region size 1024K, 103 young (105472K), 7 survivors (7168K)
 Metaspace       used 140626K, capacity 145257K, committed 145432K, reserved 1175552K
  class space    used 18061K, capacity 19688K, committed 19712K, reserved 1048576K
}
Event: 142,727 GC heap after
{Heap after GC invocations=99 (full 0):
 garbage-first heap   total 223232K, used 94262K [0x00000000c3c00000, 0x0000000100000000)
  region size 1024K, 8 young (8192K), 8 survivors (8192K)
 Metaspace       used 140626K, capacity 145257K, committed 145432K, reserved 1175552K
  class space    used 18061K, capacity 19688K, committed 19712K, reserved 1048576K
}
Event: 143,562 GC heap before
{Heap before GC invocations=99 (full 0):
 garbage-first heap   total 223232K, used 197686K [0x00000000c3c00000, 0x0000000100000000)
  region size 1024K, 98 young (100352K), 8 survivors (8192K)
 Metaspace       used 141033K, capacity 145700K, committed 145944K, reserved 1175552K
  class space    used 18086K, capacity 19706K, committed 19712K, reserved 1048576K
}
Event: 143,584 GC heap after
{Heap after GC invocations=100 (full 0):
 garbage-first heap   total 223232K, used 96198K [0x00000000c3c00000, 0x0000000100000000)
  region size 1024K, 8 young (8192K), 8 survivors (8192K)
 Metaspace       used 141033K, capacity 145700K, committed 145944K, reserved 1175552K
  class space    used 18086K, capacity 19706K, committed 19712K, reserved 1048576K
}
Event: 144,439 GC heap before
{Heap before GC invocations=101 (full 0):
 garbage-first heap   total 223232K, used 198598K [0x00000000c3c00000, 0x0000000100000000)
  region size 1024K, 100 young (102400K), 8 survivors (8192K)
 Metaspace       used 141127K, capacity 145764K, committed 145944K, reserved 1175552K
  class space    used 18087K, capacity 19706K, committed 19712K, reserved 1048576K
}
Event: 144,470 GC heap after
{Heap after GC invocations=102 (full 0):
 garbage-first heap   total 223232K, used 97640K [0x00000000c3c00000, 0x0000000100000000)
  region size 1024K, 8 young (8192K), 8 survivors (8192K)
 Metaspace       used 141127K, capacity 145764K, committed 145944K, reserved 1175552K
  class space    used 18087K, capacity 19706K, committed 19712K, reserved 1048576K
}
Event: 145,073 GC heap before
{Heap before GC invocations=102 (full 0):
 garbage-first heap   total 223232K, used 176488K [0x00000000c3c00000, 0x0000000100000000)
  region size 1024K, 77 young (78848K), 8 survivors (8192K)
 Metaspace       used 141213K, capacity 145894K, committed 145944K, reserved 1175552K
  class space    used 18087K, capacity 19706K, committed 19712K, reserved 1048576K
}
Event: 145,105 GC heap after
{Heap after GC invocations=103 (full 0):
 garbage-first heap   total 223232K, used 99191K [0x00000000c3c00000, 0x0000000100000000)
  region size 1024K, 8 young (8192K), 8 survivors (8192K)
 Metaspace       used 141213K, capacity 145894K, committed 145944K, reserved 1175552K
  class space    used 18087K, capacity 19706K, committed 19712K, reserved 1048576K
}
Event: 213,964 GC heap before
{Heap before GC invocations=104 (full 0):
 garbage-first heap   total 223232K, used 170871K [0x00000000c3c00000, 0x0000000100000000)
  region size 1024K, 74 young (75776K), 8 survivors (8192K)
 Metaspace       used 143184K, capacity 147899K, committed 147992K, reserved 1177600K
  class space    used 18292K, capacity 19945K, committed 19968K, reserved 1048576K
}
Event: 213,988 GC heap after
{Heap after GC invocations=105 (full 0):
 garbage-first heap   total 223232K, used 100084K [0x00000000c3c00000, 0x0000000100000000)
  region size 1024K, 8 young (8192K), 8 survivors (8192K)
 Metaspace       used 143184K, capacity 147899K, committed 147992K, reserved 1177600K
  class space    used 18292K, capacity 19945K, committed 19968K, reserved 1048576K
}
Event: 215,380 GC heap before
{Heap before GC invocations=106 (full 0):
 garbage-first heap   total 223232K, used 178932K [0x00000000c3c00000, 0x0000000100000000)
  region size 1024K, 81 young (82944K), 8 survivors (8192K)
 Metaspace       used 144257K, capacity 149111K, committed 149144K, reserved 1179648K
  class space    used 18391K, capacity 20073K, committed 20096K, reserved 1048576K
}
Event: 215,416 GC heap after
{Heap after GC invocations=107 (full 0):
 garbage-first heap   total 223232K, used 101165K [0x00000000c3c00000, 0x0000000100000000)
  region size 1024K, 7 young (7168K), 7 survivors (7168K)
 Metaspace       used 144257K, capacity 149111K, committed 149144K, reserved 1179648K
  class space    used 18391K, capacity 20073K, committed 20096K, reserved 1048576K
}
Event: 331,373 GC heap before
{Heap before GC invocations=108 (full 0):
 garbage-first heap   total 223232K, used 186157K [0x00000000c3c00000, 0x0000000100000000)
  region size 1024K, 88 young (90112K), 7 survivors (7168K)
 Metaspace       used 144832K, capacity 149681K, committed 149912K, reserved 1179648K
  class space    used 18396K, capacity 20083K, committed 20096K, reserved 1048576K
}
Event: 331,396 GC heap after
{Heap after GC invocations=109 (full 0):
 garbage-first heap   total 223232K, used 101322K [0x00000000c3c00000, 0x0000000100000000)
  region size 1024K, 6 young (6144K), 6 survivors (6144K)
 Metaspace       used 144832K, capacity 149681K, committed 149912K, reserved 1179648K
  class space    used 18396K, capacity 20083K, committed 20096K, reserved 1048576K
}

