# JRE version: OpenJDK Runtime Environment (11.0.9.1+1) (build 11.0.9.1+1-Ubuntu-0ubuntu1.18.04)
# Java VM: OpenJDK 64-Bit Server VM (11.0.9.1+1-Ubuntu-0ubuntu1.18.04, mixed mode, sharing, tiered, compressed oops, g1 gc, linux-amd64)
Heap:
 garbage-first heap   total 222208K, used 189408K [0x00000000c3c00000, 0x0000000100000000)
  region size 1024K, 101 young (103424K), 8 survivors (8192K)
 Metaspace       used 140333K, capacity 145004K, committed 145112K, reserved 1175552K
  class space    used 18037K, capacity 19652K, committed 19712K, reserved 1048576K
GC Heap History (20 events):
Event: 98,296 GC heap before
{Heap before GC invocations=71 (full 0):
 garbage-first heap   total 222208K, used 188490K [0x00000000c3c00000, 0x0000000100000000)
  region size 1024K, 112 young (114688K), 9 survivors (9216K)
 Metaspace       used 121394K, capacity 124745K, committed 124888K, reserved 1157120K
  class space    used 15418K, capacity 16626K, committed 16640K, reserved 1048576K
}
Event: 98,324 GC heap after
{Heap after GC invocations=72 (full 0):
 garbage-first heap   total 222208K, used 83405K [0x00000000c3c00000, 0x0000000100000000)
  region size 1024K, 8 young (8192K), 8 survivors (8192K)
 Metaspace       used 121394K, capacity 124745K, committed 124888K, reserved 1157120K
  class space    used 15418K, capacity 16626K, committed 16640K, reserved 1048576K
}
Event: 106,018 GC heap before
{Heap before GC invocations=72 (full 0):
 garbage-first heap   total 222208K, used 188877K [0x00000000c3c00000, 0x0000000100000000)
  region size 1024K, 111 young (113664K), 8 survivors (8192K)
 Metaspace       used 123029K, capacity 126642K, committed 126808K, reserved 1159168K
  class space    used 15622K, capacity 16904K, committed 17024K, reserved 1048576K
}
Event: 106,050 GC heap after
{Heap after GC invocations=73 (full 0):
 garbage-first heap   total 222208K, used 86117K [0x00000000c3c00000, 0x0000000100000000)
  region size 1024K, 10 young (10240K), 10 survivors (10240K)
 Metaspace       used 123029K, capacity 126642K, committed 126808K, reserved 1159168K
  class space    used 15622K, capacity 16904K, committed 17024K, reserved 1048576K
}
Event: 107,295 GC heap before
{Heap before GC invocations=73 (full 0):
 garbage-first heap   total 222208K, used 187493K [0x00000000c3c00000, 0x0000000100000000)
  region size 1024K, 109 young (111616K), 10 survivors (10240K)
 Metaspace       used 124087K, capacity 128012K, committed 128216K, reserved 1161216K
  class space    used 15759K, capacity 17092K, committed 17152K, reserved 1048576K
}
Event: 107,321 GC heap after
{Heap after GC invocations=74 (full 0):
 garbage-first heap   total 222208K, used 87171K [0x00000000c3c00000, 0x0000000100000000)
  region size 1024K, 8 young (8192K), 8 survivors (8192K)
 Metaspace       used 124087K, capacity 128012K, committed 128216K, reserved 1161216K
  class space    used 15759K, capacity 17092K, committed 17152K, reserved 1048576K
}
Event: 107,733 GC heap before
{Heap before GC invocations=74 (full 0):
 garbage-first heap   total 222208K, used 189571K [0x00000000c3c00000, 0x0000000100000000)
  region size 1024K, 108 young (110592K), 8 survivors (8192K)
 Metaspace       used 124136K, capacity 128082K, committed 128216K, reserved 1161216K
  class space    used 15766K, capacity 17094K, committed 17152K, reserved 1048576K
}
Event: 107,754 GC heap after
{Heap after GC invocations=75 (full 0):
 garbage-first heap   total 222208K, used 86854K [0x00000000c3c00000, 0x0000000100000000)
  region size 1024K, 8 young (8192K), 8 survivors (8192K)
 Metaspace       used 124136K, capacity 128082K, committed 128216K, reserved 1161216K
  class space    used 15766K, capacity 17094K, committed 17152K, reserved 1048576K
}
Event: 111,574 GC heap before
{Heap before GC invocations=75 (full 0):
 garbage-first heap   total 222208K, used 188230K [0x00000000c3c00000, 0x0000000100000000)
  region size 1024K, 108 young (110592K), 8 survivors (8192K)
 Metaspace       used 128900K, capacity 133033K, committed 133336K, reserved 1165312K
  class space    used 16946K, capacity 18382K, committed 18432K, reserved 1048576K
}
Event: 111,592 GC heap after
{Heap after GC invocations=76 (full 0):
 garbage-first heap   total 222208K, used 88238K [0x00000000c3c00000, 0x0000000100000000)
  region size 1024K, 9 young (9216K), 9 survivors (9216K)
 Metaspace       used 128900K, capacity 133033K, committed 133336K, reserved 1165312K
  class space    used 16946K, capacity 18382K, committed 18432K, reserved 1048576K
}
Event: 114,264 GC heap before
{Heap before GC invocations=76 (full 0):
 garbage-first heap   total 222208K, used 196782K [0x00000000c3c00000, 0x0000000100000000)
  region size 1024K, 107 young (109568K), 9 survivors (9216K)
 Metaspace       used 132865K, capacity 137122K, committed 137304K, reserved 1167360K
  class space    used 17268K, capacity 18761K, committed 18816K, reserved 1048576K
}
Event: 114,293 GC heap after
{Heap after GC invocations=77 (full 0):
 garbage-first heap   total 222208K, used 90406K [0x00000000c3c00000, 0x0000000100000000)
  region size 1024K, 10 young (10240K), 10 survivors (10240K)
 Metaspace       used 132865K, capacity 137122K, committed 137304K, reserved 1167360K
  class space    used 17268K, capacity 18761K, committed 18816K, reserved 1048576K
}
Event: 116,356 GC heap before
{Heap before GC invocations=77 (full 0):
 garbage-first heap   total 222208K, used 186662K [0x00000000c3c00000, 0x0000000100000000)
  region size 1024K, 104 young (106496K), 10 survivors (10240K)
 Metaspace       used 134908K, capacity 139287K, committed 139352K, reserved 1169408K
  class space    used 17521K, capacity 19050K, committed 19072K, reserved 1048576K
}
Event: 116,376 GC heap after
{Heap after GC invocations=78 (full 0):
 garbage-first heap   total 222208K, used 91406K [0x00000000c3c00000, 0x0000000100000000)
  region size 1024K, 6 young (6144K), 6 survivors (6144K)
 Metaspace       used 134908K, capacity 139287K, committed 139352K, reserved 1169408K
  class space    used 17521K, capacity 19050K, committed 19072K, reserved 1048576K
}
Event: 116,862 GC heap before
{Heap before GC invocations=78 (full 0):
 garbage-first heap   total 222208K, used 191758K [0x00000000c3c00000, 0x0000000100000000)
  region size 1024K, 104 young (106496K), 6 survivors (6144K)
 Metaspace       used 136273K, capacity 140623K, committed 140760K, reserved 1171456K
  class space    used 17609K, capacity 19183K, committed 19200K, reserved 1048576K
}
Event: 116,878 GC heap after
{Heap after GC invocations=79 (full 0):
 garbage-first heap   total 222208K, used 91564K [0x00000000c3c00000, 0x0000000100000000)
  region size 1024K, 6 young (6144K), 6 survivors (6144K)
 Metaspace       used 136273K, capacity 140623K, committed 140760K, reserved 1171456K
  class space    used 17609K, capacity 19183K, committed 19200K, reserved 1048576K
}
Event: 117,274 GC heap before
{Heap before GC invocations=79 (full 0):
 garbage-first heap   total 222208K, used 191916K [0x00000000c3c00000, 0x0000000100000000)
  region size 1024K, 104 young (106496K), 6 survivors (6144K)
 Metaspace       used 136638K, capacity 141050K, committed 141400K, reserved 1171456K
  class space    used 17641K, capacity 19217K, committed 19328K, reserved 1048576K
}
Event: 117,289 GC heap after
{Heap after GC invocations=80 (full 0):
 garbage-first heap   total 222208K, used 92436K [0x00000000c3c00000, 0x0000000100000000)
  region size 1024K, 7 young (7168K), 7 survivors (7168K)
 Metaspace       used 136638K, capacity 141050K, committed 141400K, reserved 1171456K
  class space    used 17641K, capacity 19217K, committed 19328K, reserved 1048576K
}
Event: 118,133 GC heap before
{Heap before GC invocations=80 (full 0):
 garbage-first heap   total 222208K, used 189716K [0x00000000c3c00000, 0x0000000100000000)
  region size 1024K, 103 young (105472K), 7 survivors (7168K)
 Metaspace       used 137792K, capacity 142138K, committed 142552K, reserved 1173504K
  class space    used 17786K, capacity 19345K, committed 19456K, reserved 1048576K
}
Event: 118,153 GC heap after
{Heap after GC invocations=81 (full 0):
 garbage-first heap   total 222208K, used 93152K [0x00000000c3c00000, 0x0000000100000000)
  region size 1024K, 8 young (8192K), 8 survivors (8192K)
 Metaspace       used 137792K, capacity 142138K, committed 142552K, reserved 1173504K
  class space    used 17786K, capacity 19345K, committed 19456K, reserved 1048576K
}

